<?xml version="1.0" encoding="UTF-8"?>
<!-- Generated by org.testng.reporters.JUnitReportReporter -->
<testsuite skipped="0" hostname="Omers-MacBook-Pro.local" name="com.qa.hubspot.test.LoginPageTest" tests="3" failures="0" timestamp="2020-09-30T19:23:45 EDT" time="20.067" errors="0">
  <testcase name="verifyLoginPageTitle" time="6.272" classname="com.qa.hubspot.test.LoginPageTest"/>
  <system-out/>
  <testcase name="verifySignUpLink" time="6.153" classname="com.qa.hubspot.test.LoginPageTest"/>
  <system-out/>
  <testcase name="loginTest" time="7.642" classname="com.qa.hubspot.test.LoginPageTest"/>
  <system-out/>
</testsuite> <!-- com.qa.hubspot.test.LoginPageTest -->
